2025-12-08T19:55:23+00:00 DEBUG #9502 - [New Request] GET /wp-admin/admin.php
2025-12-08T19:55:24+00:00 DEBUG #9502 - GET https://api.woocommerce.com/integrations/ppc/v1/customer/partners/K8SKZ36LQBWXJ/merchant-integrations/
Response: Array
(
    [code] => 404
    [message] => Not Found
)

Response Body: {"statusCode":404,"error":"Not Found","message":"Not Found"}

2025-12-08T19:55:24+00:00 WARNING #9502 - [Error] Not Found CONTEXT: {"args":{"method":"GET","headers":{"Authorization":"Bearer token","Content-Type":"application/json"}},"response":{"headers":{},"body":"{"statusCode":404,"error":"Not Found","message":"Not Found"}","response":{"code":404,"message":"Not Found"},"cookies":[],"filename":null,"http_response":{"data":null,"headers":null,"status":null}}}
2025-12-08T19:55:44+00:00 DEBUG #9371 - [New Request] GET /wp-json/wc/v3/wc_paypal/webhooks
2025-12-08T19:55:44+00:00 DEBUG #9371 - GET https://api.woocommerce.com/integrations/ppc/v1/notifications/webhooks
Response: Array
(
    [code] => 404
    [message] => Not Found
)

Response Body: {"statusCode":404,"error":"Not Found","message":"Not Found"}

2025-12-08T20:07:09+00:00 DEBUG #9017 - [New Request] GET /wp-json/wc/v3/wc_paypal/webhooks
2025-12-08T20:07:09+00:00 DEBUG #9017 - GET https://api.woocommerce.com/integrations/ppc/v1/notifications/webhooks
Response: Array
(
    [code] => 404
    [message] => Not Found
)

Response Body: {"statusCode":404,"error":"Not Found","message":"Not Found"}

